0 info it worked if it ends with ok
1 verbose cli [ '/usr/local/Cellar/node/7.3.0/bin/node',
1 verbose cli   '/usr/local/bin/npm',
1 verbose cli   'run',
1 verbose cli   'test' ]
2 info using npm@3.10.10
3 info using node@v7.3.0
4 verbose run-script [ 'pretest', 'test', 'posttest' ]
5 info lifecycle vue-ui-core@1.0.0~pretest: vue-ui-core@1.0.0
6 silly lifecycle vue-ui-core@1.0.0~pretest: no script for pretest, continuing
7 info lifecycle vue-ui-core@1.0.0~test: vue-ui-core@1.0.0
8 verbose lifecycle vue-ui-core@1.0.0~test: unsafe-perm in lifecycle true
9 verbose lifecycle vue-ui-core@1.0.0~test: PATH: /usr/local/lib/node_modules/npm/bin/node-gyp-bin:/Users/leijunyang/workspace/prj/vue-sample/packages/core/node_modules/.bin:/usr/local/Cellar/node/7.3.0/bin:/Users/leijunyang/.sdkman/candidates/grails/current/bin:/Users/leijunyang/.gvm/vertx/current/bin:/Users/leijunyang/.gvm/springboot/current/bin:/Users/leijunyang/.gvm/lazybones/current/bin:/Users/leijunyang/.gvm/jbake/current/bin:/Users/leijunyang/.gvm/groovyserv/current/bin:/Users/leijunyang/.gvm/groovy/current/bin:/Users/leijunyang/.gvm/griffon/current/bin:/Users/leijunyang/.gvm/grails/current/bin:/Users/leijunyang/.gvm/gradle/current/bin:/Users/leijunyang/.gvm/glide/current/bin:/Users/leijunyang/.gvm/gaiden/current/bin:/Users/leijunyang/.gvm/crash/current/bin:/Users/leijunyang/.gvm/asciidoctorj/current/bin:/usr/local/bin:/usr/bin:/bin:/usr/sbin:/sbin:/opt/X11/bin:/usr/local/sbin:/Users/leijunyang/Library/Android/sdk/platform-tools:/opt/td-agent/usr/sbin:/opt/td-agent/usr/bin:/usr/local/Cellar/node/7.3.0/bin:/Library/Frameworks/Mono.framework/Versions/4.6.2/bin:/opt/metasploit-framework/bin
10 verbose lifecycle vue-ui-core@1.0.0~test: CWD: /Users/leijunyang/workspace/prj/vue-sample/packages/core
11 silly lifecycle vue-ui-core@1.0.0~test: Args: [ '-c', 'echo "Error: no test specified" && exit 1' ]
12 silly lifecycle vue-ui-core@1.0.0~test: Returned: code: 1  signal: null
13 info lifecycle vue-ui-core@1.0.0~test: Failed to exec test script
14 verbose stack Error: vue-ui-core@1.0.0 test: `echo "Error: no test specified" && exit 1`
14 verbose stack Exit status 1
14 verbose stack     at EventEmitter.<anonymous> (/usr/local/lib/node_modules/npm/lib/utils/lifecycle.js:255:16)
14 verbose stack     at emitTwo (events.js:106:13)
14 verbose stack     at EventEmitter.emit (events.js:191:7)
14 verbose stack     at ChildProcess.<anonymous> (/usr/local/lib/node_modules/npm/lib/utils/spawn.js:40:14)
14 verbose stack     at emitTwo (events.js:106:13)
14 verbose stack     at ChildProcess.emit (events.js:191:7)
14 verbose stack     at maybeClose (internal/child_process.js:885:16)
14 verbose stack     at Process.ChildProcess._handle.onexit (internal/child_process.js:226:5)
15 verbose pkgid vue-ui-core@1.0.0
16 verbose cwd /Users/leijunyang/workspace/prj/vue-sample/packages/core
17 error Darwin 16.4.0
18 error argv "/usr/local/Cellar/node/7.3.0/bin/node" "/usr/local/bin/npm" "run" "test"
19 error node v7.3.0
20 error npm  v3.10.10
21 error code ELIFECYCLE
22 error vue-ui-core@1.0.0 test: `echo "Error: no test specified" && exit 1`
22 error Exit status 1
23 error Failed at the vue-ui-core@1.0.0 test script 'echo "Error: no test specified" && exit 1'.
23 error Make sure you have the latest version of node.js and npm installed.
23 error If you do, this is most likely a problem with the vue-ui-core package,
23 error not with npm itself.
23 error Tell the author that this fails on your system:
23 error     echo "Error: no test specified" && exit 1
23 error You can get information on how to open an issue for this project with:
23 error     npm bugs vue-ui-core
23 error Or if that isn't available, you can get their info via:
23 error     npm owner ls vue-ui-core
23 error There is likely additional logging output above.
24 verbose exit [ 1, true ]
